2025-07-02 19:05:01,107 - INFO - Logging initialized. Log file: demo_logs/wiener_analysis_20250702_190501.log
2025-07-02 19:05:01,107 - INFO - Starting modular architecture demo
2025-07-02 19:05:01,107 - INFO - Logging initialized. Log file: wiener_analysis_logs/wiener_analysis_20250702_190501.log
2025-07-02 19:05:01,107 - INFO - WienerAnalysisOrchestrator initialized
2025-07-02 19:05:01,107 - INFO - Starting experiment: n=7, type=convex, seed=42
2025-07-02 19:05:01,108 - INFO - Evaluating 5,040 permutations using 8 workers...
2025-07-02 19:05:02,034 - INFO - Parallel brute force completed in 0.93 seconds
2025-07-02 19:05:02,034 - INFO - Algorithm brute_force: Wiener=210.6190, Time=0.9266s
2025-07-02 19:05:02,034 - INFO - Evaluating 6 permutations using 8 workers...
2025-07-02 19:05:02,874 - INFO - Parallel brute force completed in 0.84 seconds
2025-07-02 19:05:02,875 - INFO - Evaluating 24 permutations using 8 workers...
2025-07-02 19:05:03,685 - INFO - Parallel brute force completed in 0.81 seconds
2025-07-02 19:05:03,686 - INFO - Algorithm divide_conquer: Wiener=210.6190, Time=1.6516s
2025-07-02 19:05:03,687 - INFO - Evaluating 6 permutations using 8 workers...
2025-07-02 19:05:04,522 - INFO - Parallel brute force completed in 0.84 seconds
2025-07-02 19:05:04,522 - INFO - Evaluating 6 permutations using 8 workers...
2025-07-02 19:05:05,348 - INFO - Parallel brute force completed in 0.82 seconds
2025-07-02 19:05:05,348 - INFO - Evaluating 720 permutations using 8 workers...
2025-07-02 19:05:06,121 - INFO - Parallel brute force completed in 0.77 seconds
2025-07-02 19:05:09,191 - INFO - Logging initialized. Log file: wiener_analysis_logs/wiener_analysis_20250702_190509.log
2025-07-02 19:05:09,191 - INFO - WienerAnalysisOrchestrator initialized
2025-07-02 19:05:09,191 - INFO - Starting comparison study: sizes=[5, 6, 7], trials=3
2025-07-02 19:05:09,191 - INFO - Running experiments for n=5
2025-07-02 19:05:09,191 - INFO - Starting experiment: n=5, type=convex, seed=0
2025-07-02 19:05:09,191 - INFO - Evaluating 120 permutations using 8 workers...
2025-07-02 19:05:10,126 - INFO - Parallel brute force completed in 0.93 seconds
2025-07-02 19:05:10,127 - INFO - Algorithm brute_force: Wiener=42.1579, Time=0.9353s
2025-07-02 19:05:10,127 - INFO - Evaluating 6 permutations using 8 workers...
2025-07-02 19:05:10,930 - INFO - Parallel brute force completed in 0.80 seconds
2025-07-02 19:05:10,930 - INFO - Evaluating 2 permutations using 8 workers...
2025-07-02 19:05:11,759 - INFO - Parallel brute force completed in 0.83 seconds
2025-07-02 19:05:11,759 - INFO - Algorithm divide_conquer: Wiener=43.2094, Time=1.6324s
2025-07-02 19:05:11,759 - INFO - Starting experiment: n=5, type=convex, seed=1
2025-07-02 19:05:11,760 - INFO - Evaluating 120 permutations using 8 workers...
2025-07-02 19:05:12,594 - INFO - Parallel brute force completed in 0.83 seconds
2025-07-02 19:05:12,595 - INFO - Algorithm brute_force: Wiener=64.5339, Time=0.8354s
2025-07-02 19:05:12,595 - INFO - Evaluating 6 permutations using 8 workers...
2025-07-02 19:05:13,440 - INFO - Parallel brute force completed in 0.84 seconds
2025-07-02 19:05:13,441 - INFO - Evaluating 2 permutations using 8 workers...
2025-07-02 19:05:14,249 - INFO - Parallel brute force completed in 0.81 seconds
2025-07-02 19:05:14,249 - INFO - Algorithm divide_conquer: Wiener=64.5339, Time=1.6541s
2025-07-02 19:05:14,249 - INFO - Starting experiment: n=5, type=convex, seed=2
2025-07-02 19:05:14,250 - INFO - Evaluating 120 permutations using 8 workers...
2025-07-02 19:05:15,093 - INFO - Parallel brute force completed in 0.84 seconds
2025-07-02 19:05:15,093 - INFO - Algorithm brute_force: Wiener=48.7051, Time=0.8435s
2025-07-02 19:05:15,093 - INFO - Evaluating 24 permutations using 8 workers...
2025-07-02 19:05:16,019 - INFO - Parallel brute force completed in 0.93 seconds
2025-07-02 19:05:16,020 - INFO - Algorithm divide_conquer: Wiener=48.8299, Time=0.9263s
2025-07-02 19:05:16,020 - INFO - Running experiments for n=6
2025-07-02 19:05:16,020 - INFO - Starting experiment: n=6, type=convex, seed=0
2025-07-02 19:05:16,020 - INFO - Evaluating 720 permutations using 8 workers...
2025-07-02 19:05:16,856 - INFO - Parallel brute force completed in 0.84 seconds
2025-07-02 19:05:16,856 - INFO - Algorithm brute_force: Wiener=73.7963, Time=0.8362s
2025-07-02 19:05:16,856 - INFO - Evaluating 6 permutations using 8 workers...
2025-07-02 19:05:17,766 - INFO - Parallel brute force completed in 0.91 seconds
2025-07-02 19:05:17,767 - INFO - Evaluating 2 permutations using 8 workers...
2025-07-02 19:05:18,589 - INFO - Parallel brute force completed in 0.82 seconds
2025-07-02 19:05:18,590 - INFO - Algorithm divide_conquer: Wiener=73.7963, Time=1.7337s
2025-07-02 19:05:18,590 - INFO - Starting experiment: n=6, type=convex, seed=1
2025-07-02 19:05:18,590 - INFO - Evaluating 720 permutations using 8 workers...
2025-07-02 19:05:19,390 - INFO - Parallel brute force completed in 0.80 seconds
2025-07-02 19:05:19,390 - INFO - Algorithm brute_force: Wiener=103.8994, Time=0.7997s
2025-07-02 19:05:19,390 - INFO - Evaluating 6 permutations using 8 workers...
2025-07-02 19:05:20,195 - INFO - Parallel brute force completed in 0.80 seconds
2025-07-02 19:05:20,195 - INFO - Evaluating 6 permutations using 8 workers...
2025-07-02 19:05:21,079 - INFO - Parallel brute force completed in 0.88 seconds
2025-07-02 19:05:21,080 - INFO - Algorithm divide_conquer: Wiener=110.4895, Time=1.6896s
2025-07-02 19:05:21,080 - INFO - Starting experiment: n=6, type=convex, seed=2
2025-07-02 19:05:21,080 - INFO - Evaluating 720 permutations using 8 workers...
2025-07-02 19:05:21,933 - INFO - Parallel brute force completed in 0.85 seconds
2025-07-02 19:05:21,934 - INFO - Algorithm brute_force: Wiener=74.8326, Time=0.8537s
2025-07-02 19:05:21,934 - INFO - Evaluating 24 permutations using 8 workers...
2025-07-02 19:05:22,782 - INFO - Parallel brute force completed in 0.85 seconds
2025-07-02 19:05:22,783 - INFO - Algorithm divide_conquer: Wiener=74.8326, Time=0.8487s
2025-07-02 19:05:22,783 - INFO - Running experiments for n=7
2025-07-02 19:05:22,783 - INFO - Starting experiment: n=7, type=convex, seed=0
2025-07-02 19:05:22,783 - INFO - Evaluating 5,040 permutations using 8 workers...
2025-07-02 19:05:23,689 - INFO - Parallel brute force completed in 0.90 seconds
2025-07-02 19:05:23,690 - INFO - Algorithm brute_force: Wiener=142.6366, Time=0.9068s
2025-07-02 19:05:23,690 - INFO - Evaluating 24 permutations using 8 workers...
2025-07-02 19:05:24,523 - INFO - Parallel brute force completed in 0.83 seconds
2025-07-02 19:05:24,524 - INFO - Evaluating 6 permutations using 8 workers...
2025-07-02 19:05:25,322 - INFO - Parallel brute force completed in 0.80 seconds
2025-07-02 19:05:25,323 - INFO - Algorithm divide_conquer: Wiener=142.6366, Time=1.6324s
2025-07-02 19:05:25,323 - INFO - Starting experiment: n=7, type=convex, seed=1
2025-07-02 19:05:25,323 - INFO - Evaluating 5,040 permutations using 8 workers...
2025-07-02 19:05:26,256 - INFO - Parallel brute force completed in 0.93 seconds
2025-07-02 19:05:26,257 - INFO - Algorithm brute_force: Wiener=149.1035, Time=0.9335s
2025-07-02 19:05:26,257 - INFO - Evaluating 6 permutations using 8 workers...
2025-07-02 19:05:27,104 - INFO - Parallel brute force completed in 0.85 seconds
2025-07-02 19:05:27,105 - INFO - Evaluating 24 permutations using 8 workers...
2025-07-02 19:05:27,924 - INFO - Parallel brute force completed in 0.82 seconds
2025-07-02 19:05:27,925 - INFO - Algorithm divide_conquer: Wiener=155.9507, Time=1.6680s
2025-07-02 19:05:27,925 - INFO - Starting experiment: n=7, type=convex, seed=2
2025-07-02 19:05:27,925 - INFO - Evaluating 5,040 permutations using 8 workers...
2025-07-02 19:05:28,829 - INFO - Parallel brute force completed in 0.90 seconds
2025-07-02 19:05:28,830 - INFO - Algorithm brute_force: Wiener=126.6487, Time=0.9049s
2025-07-02 19:05:28,830 - INFO - Evaluating 2 permutations using 8 workers...
2025-07-02 19:05:29,629 - INFO - Parallel brute force completed in 0.80 seconds
2025-07-02 19:05:29,630 - INFO - Evaluating 6 permutations using 8 workers...
2025-07-02 19:05:30,395 - INFO - Parallel brute force completed in 0.76 seconds
2025-07-02 19:05:30,396 - INFO - Evaluating 2 permutations using 8 workers...
2025-07-02 19:05:31,237 - INFO - Parallel brute force completed in 0.84 seconds
2025-07-02 19:05:31,238 - INFO - Algorithm divide_conquer: Wiener=126.6487, Time=2.4074s
2025-07-02 19:05:31,238 - ERROR - Demo failed: 'AlgorithmStatistics' object has no attribute 'mean_wiener_index'
