2025-07-02 19:01:45,265 - INFO - Logging initialized. Log file: demo_logs/wiener_analysis_20250702_190145.log
2025-07-02 19:01:45,265 - INFO - Starting modular architecture demo
2025-07-02 19:01:45,266 - INFO - Logging initialized. Log file: wiener_analysis_logs/wiener_analysis_20250702_190145.log
2025-07-02 19:01:45,266 - INFO - WienerAnalysisOrchestrator initialized
2025-07-02 19:01:45,266 - INFO - Starting experiment: n=7, type=convex, seed=42
2025-07-02 19:01:45,266 - INFO - Evaluating 5,040 permutations using 8 workers...
2025-07-02 19:01:46,393 - INFO - Parallel brute force completed in 1.13 seconds
2025-07-02 19:01:46,394 - INFO - Algorithm brute_force: Wiener=210.6190, Time=1.1279s
2025-07-02 19:01:46,394 - INFO - Evaluating 6 permutations using 8 workers...
2025-07-02 19:01:47,216 - INFO - Parallel brute force completed in 0.82 seconds
2025-07-02 19:01:47,216 - INFO - Evaluating 24 permutations using 8 workers...
2025-07-02 19:01:48,066 - INFO - Parallel brute force completed in 0.85 seconds
2025-07-02 19:01:48,067 - INFO - Algorithm divide_conquer: Wiener=210.6190, Time=1.6728s
2025-07-02 19:01:48,068 - INFO - Evaluating 6 permutations using 8 workers...
2025-07-02 19:01:48,918 - INFO - Parallel brute force completed in 0.85 seconds
2025-07-02 19:01:48,918 - INFO - Evaluating 6 permutations using 8 workers...
2025-07-02 19:01:49,860 - INFO - Parallel brute force completed in 0.94 seconds
2025-07-02 19:01:49,861 - INFO - Evaluating 720 permutations using 8 workers...
2025-07-02 19:01:50,828 - INFO - Parallel brute force completed in 0.97 seconds
2025-07-02 19:01:55,024 - INFO - Logging initialized. Log file: wiener_analysis_logs/wiener_analysis_20250702_190155.log
2025-07-02 19:01:55,025 - INFO - WienerAnalysisOrchestrator initialized
2025-07-02 19:01:55,025 - INFO - Starting comparison study: sizes=[5, 6, 7], trials=3
2025-07-02 19:01:55,025 - INFO - Running experiments for n=5
2025-07-02 19:01:55,025 - INFO - Starting experiment: n=5, type=convex, seed=0
2025-07-02 19:01:55,025 - INFO - Evaluating 120 permutations using 8 workers...
2025-07-02 19:01:56,020 - INFO - Parallel brute force completed in 1.00 seconds
2025-07-02 19:01:56,021 - INFO - Algorithm brute_force: Wiener=42.1579, Time=0.9960s
2025-07-02 19:01:56,021 - INFO - Evaluating 6 permutations using 8 workers...
2025-07-02 19:01:56,895 - INFO - Parallel brute force completed in 0.87 seconds
2025-07-02 19:01:56,895 - INFO - Evaluating 2 permutations using 8 workers...
2025-07-02 19:01:57,779 - INFO - Parallel brute force completed in 0.88 seconds
2025-07-02 19:01:57,780 - INFO - Algorithm divide_conquer: Wiener=43.2094, Time=1.7588s
2025-07-02 19:01:57,780 - INFO - Starting experiment: n=5, type=convex, seed=1
2025-07-02 19:01:57,780 - INFO - Evaluating 120 permutations using 8 workers...
2025-07-02 19:01:58,635 - INFO - Parallel brute force completed in 0.85 seconds
2025-07-02 19:01:58,635 - INFO - Algorithm brute_force: Wiener=64.5339, Time=0.8551s
2025-07-02 19:01:58,635 - INFO - Evaluating 6 permutations using 8 workers...
2025-07-02 19:01:59,464 - INFO - Parallel brute force completed in 0.83 seconds
2025-07-02 19:01:59,465 - INFO - Evaluating 2 permutations using 8 workers...
2025-07-02 19:02:00,395 - INFO - Parallel brute force completed in 0.93 seconds
2025-07-02 19:02:00,396 - INFO - Algorithm divide_conquer: Wiener=64.5339, Time=1.7609s
2025-07-02 19:02:00,396 - INFO - Starting experiment: n=5, type=convex, seed=2
2025-07-02 19:02:00,397 - INFO - Evaluating 120 permutations using 8 workers...
2025-07-02 19:02:01,254 - INFO - Parallel brute force completed in 0.86 seconds
2025-07-02 19:02:01,254 - INFO - Algorithm brute_force: Wiener=48.7051, Time=0.8578s
2025-07-02 19:02:01,255 - INFO - Evaluating 24 permutations using 8 workers...
2025-07-02 19:02:02,078 - INFO - Parallel brute force completed in 0.82 seconds
2025-07-02 19:02:02,078 - INFO - Algorithm divide_conquer: Wiener=48.8299, Time=0.8237s
2025-07-02 19:02:02,078 - INFO - Running experiments for n=6
2025-07-02 19:02:02,078 - INFO - Starting experiment: n=6, type=convex, seed=0
2025-07-02 19:02:02,079 - INFO - Evaluating 720 permutations using 8 workers...
2025-07-02 19:02:02,964 - INFO - Parallel brute force completed in 0.89 seconds
2025-07-02 19:02:02,965 - INFO - Algorithm brute_force: Wiener=73.7963, Time=0.8862s
2025-07-02 19:02:02,965 - INFO - Evaluating 6 permutations using 8 workers...
2025-07-02 19:02:03,978 - INFO - Parallel brute force completed in 1.01 seconds
2025-07-02 19:02:03,979 - INFO - Evaluating 2 permutations using 8 workers...
2025-07-02 19:02:04,893 - INFO - Parallel brute force completed in 0.91 seconds
2025-07-02 19:02:04,894 - INFO - Algorithm divide_conquer: Wiener=73.7963, Time=1.9289s
2025-07-02 19:02:04,894 - INFO - Starting experiment: n=6, type=convex, seed=1
2025-07-02 19:02:04,894 - INFO - Evaluating 720 permutations using 8 workers...
2025-07-02 19:02:05,777 - INFO - Parallel brute force completed in 0.88 seconds
2025-07-02 19:02:05,778 - INFO - Algorithm brute_force: Wiener=103.8994, Time=0.8841s
2025-07-02 19:02:05,779 - INFO - Evaluating 6 permutations using 8 workers...
2025-07-02 19:02:06,661 - INFO - Parallel brute force completed in 0.88 seconds
2025-07-02 19:02:06,662 - INFO - Evaluating 6 permutations using 8 workers...
2025-07-02 19:02:07,527 - INFO - Parallel brute force completed in 0.86 seconds
2025-07-02 19:02:07,527 - INFO - Algorithm divide_conquer: Wiener=110.4895, Time=1.7488s
2025-07-02 19:02:07,527 - INFO - Starting experiment: n=6, type=convex, seed=2
2025-07-02 19:02:07,528 - INFO - Evaluating 720 permutations using 8 workers...
2025-07-02 19:02:08,382 - INFO - Parallel brute force completed in 0.85 seconds
2025-07-02 19:02:08,383 - INFO - Algorithm brute_force: Wiener=74.8326, Time=0.8552s
2025-07-02 19:02:08,383 - INFO - Evaluating 24 permutations using 8 workers...
2025-07-02 19:02:09,256 - INFO - Parallel brute force completed in 0.87 seconds
2025-07-02 19:02:09,256 - INFO - Algorithm divide_conquer: Wiener=74.8326, Time=0.8733s
2025-07-02 19:02:09,257 - INFO - Running experiments for n=7
2025-07-02 19:02:09,257 - INFO - Starting experiment: n=7, type=convex, seed=0
2025-07-02 19:02:09,257 - INFO - Evaluating 5,040 permutations using 8 workers...
2025-07-02 19:02:10,137 - INFO - Parallel brute force completed in 0.88 seconds
2025-07-02 19:02:10,138 - INFO - Algorithm brute_force: Wiener=142.6366, Time=0.8811s
2025-07-02 19:02:10,138 - INFO - Evaluating 24 permutations using 8 workers...
2025-07-02 19:02:10,994 - INFO - Parallel brute force completed in 0.86 seconds
2025-07-02 19:02:10,995 - INFO - Evaluating 6 permutations using 8 workers...
2025-07-02 19:02:11,884 - INFO - Parallel brute force completed in 0.89 seconds
2025-07-02 19:02:11,885 - INFO - Algorithm divide_conquer: Wiener=142.6366, Time=1.7469s
2025-07-02 19:02:11,885 - INFO - Starting experiment: n=7, type=convex, seed=1
2025-07-02 19:02:11,885 - INFO - Evaluating 5,040 permutations using 8 workers...
2025-07-02 19:02:12,732 - INFO - Parallel brute force completed in 0.85 seconds
2025-07-02 19:02:12,732 - INFO - Algorithm brute_force: Wiener=149.1035, Time=0.8468s
2025-07-02 19:02:12,732 - INFO - Evaluating 6 permutations using 8 workers...
2025-07-02 19:02:13,552 - INFO - Parallel brute force completed in 0.82 seconds
2025-07-02 19:02:13,553 - INFO - Evaluating 24 permutations using 8 workers...
2025-07-02 19:02:14,359 - INFO - Parallel brute force completed in 0.81 seconds
2025-07-02 19:02:14,360 - INFO - Algorithm divide_conquer: Wiener=155.9507, Time=1.6276s
2025-07-02 19:02:14,360 - INFO - Starting experiment: n=7, type=convex, seed=2
2025-07-02 19:02:14,360 - INFO - Evaluating 5,040 permutations using 8 workers...
2025-07-02 19:02:15,182 - INFO - Parallel brute force completed in 0.81 seconds
2025-07-02 19:02:15,183 - INFO - Algorithm brute_force: Wiener=126.6487, Time=0.8222s
2025-07-02 19:02:15,183 - INFO - Evaluating 2 permutations using 8 workers...
2025-07-02 19:02:15,993 - INFO - Parallel brute force completed in 0.81 seconds
2025-07-02 19:02:15,993 - INFO - Evaluating 6 permutations using 8 workers...
2025-07-02 19:02:16,817 - INFO - Parallel brute force completed in 0.82 seconds
2025-07-02 19:02:16,818 - INFO - Evaluating 2 permutations using 8 workers...
2025-07-02 19:02:17,639 - INFO - Parallel brute force completed in 0.82 seconds
2025-07-02 19:02:17,639 - INFO - Algorithm divide_conquer: Wiener=126.6487, Time=2.4568s
2025-07-02 19:02:17,640 - ERROR - Demo failed: 'StudyResults' object has no attribute 'algorithm_stats'
