2025-07-02 18:57:17,701 - INFO - Logging initialized. Log file: demo_logs/wiener_analysis_20250702_185717.log
2025-07-02 18:57:17,701 - INFO - Starting modular architecture demo
2025-07-02 18:57:17,702 - INFO - Logging initialized. Log file: wiener_analysis_logs/wiener_analysis_20250702_185717.log
2025-07-02 18:57:17,702 - INFO - WienerAnalysisOrchestrator initialized
2025-07-02 18:57:17,703 - INFO - Starting experiment: n=7, type=convex, seed=42
2025-07-02 18:57:17,703 - INFO - Evaluating 5,040 permutations using 8 workers...
2025-07-02 18:57:18,635 - INFO - Parallel brute force completed in 0.93 seconds
2025-07-02 18:57:18,636 - INFO - Algorithm brute_force: Wiener=210.6190, Time=0.9327s
2025-07-02 18:57:18,636 - INFO - Evaluating 6 permutations using 8 workers...
2025-07-02 18:57:19,459 - INFO - Parallel brute force completed in 0.82 seconds
2025-07-02 18:57:19,460 - INFO - Evaluating 24 permutations using 8 workers...
2025-07-02 18:57:20,303 - INFO - Parallel brute force completed in 0.84 seconds
2025-07-02 18:57:20,304 - INFO - Algorithm divide_conquer: Wiener=210.6190, Time=1.6682s
2025-07-02 18:57:20,305 - INFO - Evaluating 6 permutations using 8 workers...
2025-07-02 18:57:21,129 - INFO - Parallel brute force completed in 0.82 seconds
2025-07-02 18:57:21,129 - INFO - Evaluating 6 permutations using 8 workers...
2025-07-02 18:57:21,904 - INFO - Parallel brute force completed in 0.77 seconds
2025-07-02 18:57:21,905 - INFO - Evaluating 720 permutations using 8 workers...
2025-07-02 18:57:22,760 - INFO - Parallel brute force completed in 0.85 seconds
2025-07-02 18:57:26,483 - INFO - Logging initialized. Log file: wiener_analysis_logs/wiener_analysis_20250702_185726.log
2025-07-02 18:57:26,484 - INFO - WienerAnalysisOrchestrator initialized
2025-07-02 18:57:26,484 - ERROR - Demo failed: 'WienerAnalysisOrchestrator' object has no attribute 'run_targeted_study'
